0 info it worked if it ends with ok
1 verbose cli [ 'C:\\Program Files\\nodejs\\node.exe',
1 verbose cli   'C:\\Program Files\\nodejs\\node_modules\\npm\\bin\\npm-cli.js',
1 verbose cli   'start' ]
2 info using npm@3.3.12
3 info using node@v5.5.0
4 verbose run-script [ 'prestart', 'start', 'poststart' ]
5 info lifecycle code@0.0.0~prestart: code@0.0.0
6 silly lifecycle code@0.0.0~prestart: no script for prestart, continuing
7 info lifecycle code@0.0.0~start: code@0.0.0
8 verbose lifecycle code@0.0.0~start: unsafe-perm in lifecycle true
9 verbose lifecycle code@0.0.0~start: PATH: C:\nvm\v5.5.0\node_modules\npm\bin\node-gyp-bin;C:\Users\XIAO555\Desktop\数据库大作业\code\node_modules\.bin;C:\Users\XIAO555\bin;C:\Program Files\Git\mingw64\bin;C:\Program Files\Git\usr\local\bin;C:\Program Files\Git\usr\bin;C:\Program Files\Git\usr\bin;C:\Program Files\Git\mingw64\bin;C:\Program Files\Git\usr\bin;C:\Users\XIAO555\bin;C:\Windows\system32;C:\Windows;C:\Windows\System32\Wbem;C:\Windows\System32\WindowsPowerShell\v1.0;C:\Program Files (x86)\NVIDIA Corporation\PhysX\Common;C:\Program Files\Git\usr\bin;C:\Windows\system32\config\systemprofile\.dnx\bin;C:\Program Files\Microsoft DNX\Dnvm;C:\Program Files (x86)\Windows Kits\8.1\Windows Performance Toolkit;C:\Program Files\Microsoft SQL Server\130\Tools\Binn;C:\Program Files (x86)\MySQL\MySQL Fabric 1.5 & MySQL Utilities 1.5;C:\Program Files (x86)\MySQL\MySQL Fabric 1.5 & MySQL Utilities 1.5\Doctrine extensions for PHP;C:\Program Files\MySQL\MySQL Server 5.7\bin;C:\MongoDB\bin;C:\Program Files\cmder;C:\Program Files\MySQL\MySQL Server 5.7\bin;C:\Program Files (x86)\Skype\Phone;C:\nvm;C:\Program Files\nodejs;C:\Users\XIAO555\AppData\Local\atom\bin;C:\nvm;C:\Program Files\nodejs;C:\Program Files\Git\usr\bin\vendor_perl;C:\Program Files\Git\usr\bin\core_perl
10 verbose lifecycle code@0.0.0~start: CWD: C:\Users\XIAO555\Desktop\数据库大作业\code
11 silly lifecycle code@0.0.0~start: Args: [ '/d /s /c', 'node ./bin/www' ]
12 silly lifecycle code@0.0.0~start: Returned: code: 1  signal: null
13 info lifecycle code@0.0.0~start: Failed to exec start script
14 verbose stack Error: code@0.0.0 start: `node ./bin/www`
14 verbose stack Exit status 1
14 verbose stack     at EventEmitter.<anonymous> (C:\nvm\v5.5.0\node_modules\npm\lib\utils\lifecycle.js:232:16)
14 verbose stack     at emitTwo (events.js:100:13)
14 verbose stack     at EventEmitter.emit (events.js:185:7)
14 verbose stack     at ChildProcess.<anonymous> (C:\nvm\v5.5.0\node_modules\npm\lib\utils\spawn.js:24:14)
14 verbose stack     at emitTwo (events.js:100:13)
14 verbose stack     at ChildProcess.emit (events.js:185:7)
14 verbose stack     at maybeClose (internal/child_process.js:821:16)
14 verbose stack     at Process.ChildProcess._handle.onexit (internal/child_process.js:211:5)
15 verbose pkgid code@0.0.0
16 verbose cwd C:\Users\XIAO555\Desktop\数据库大作业\code
17 error Windows_NT 6.1.7601
18 error argv "C:\\Program Files\\nodejs\\node.exe" "C:\\Program Files\\nodejs\\node_modules\\npm\\bin\\npm-cli.js" "start"
19 error node v5.5.0
20 error npm  v3.3.12
21 error code ELIFECYCLE
22 error code@0.0.0 start: `node ./bin/www`
22 error Exit status 1
23 error Failed at the code@0.0.0 start script 'node ./bin/www'.
23 error Make sure you have the latest version of node.js and npm installed.
23 error If you do, this is most likely a problem with the code package,
23 error not with npm itself.
23 error Tell the author that this fails on your system:
23 error     node ./bin/www
23 error You can get their info via:
23 error     npm owner ls code
23 error There is likely additional logging output above.
24 verbose exit [ 1, true ]
